Library/Bee/Android/Prj/IL2CPP/Gradle/launcher/build/intermediates/manifest_merge_blame_file/release/manifest-merger-blame-release-report.txt
1<?xml version="1.0" encoding="utf-8"?>
2<manifest xmlns:android="http://schemas.android.com/apk/res/android"
3    package="com.DefaultCompany.Myproject4"
4    android:installLocation="preferExternal"
5    android:versionCode="1"
6    android:versionName="0.1" >
7
8    <uses-sdk
9        android:minSdkVersion="26"
9-->src\main\AndroidManifest.xml
10        android:targetSdkVersion="32" />
10-->src\main\AndroidManifest.xml
11
12    <supports-screens
12-->src\main\AndroidManifest.xml:4:3-163
13        android:anyDensity="true"
13-->src\main\AndroidManifest.xml:4:135-160
14        android:largeScreens="true"
14-->src\main\AndroidManifest.xml:4:78-105
15        android:normalScreens="true"
15-->src\main\AndroidManifest.xml:4:49-77
16        android:smallScreens="true"
16-->src\main\AndroidManifest.xml:4:21-48
17        android:xlargeScreens="true" />
17-->src\main\AndroidManifest.xml:4:106-134
18
19    <uses-permission android:name="android.permission.INTERNET" />
19-->[:unityLibrary] AndroidManifest.xml:10:5-67
19-->[:unityLibrary] AndroidManifest.xml:10:22-64
20    <uses-permission android:name="android.permission.CAMERA" />
20-->[:unityLibrary] AndroidManifest.xml:11:5-65
20-->[:unityLibrary] AndroidManifest.xml:11:22-62
21
22    <uses-feature android:glEsVersion="0x00030000" />
22-->[:unityLibrary] AndroidManifest.xml:13:5-54
22-->[:unityLibrary] AndroidManifest.xml:13:19-51
23    <uses-feature
23-->[:unityLibrary] AndroidManifest.xml:14:5-16:36
24        android:name="android.hardware.camera"
24-->[:unityLibrary] AndroidManifest.xml:15:9-47
25        android:required="true" />
25-->[:unityLibrary] AndroidManifest.xml:16:9-33
26    <uses-feature
26-->[:unityLibrary] AndroidManifest.xml:17:5-19:36
27        android:name="android.hardware.camera.autofocus"
27-->[:unityLibrary] AndroidManifest.xml:18:9-57
28        android:required="false" />
28-->[:unityLibrary] AndroidManifest.xml:19:9-33
29    <uses-feature
29-->[:unityLibrary] AndroidManifest.xml:20:5-22:36
30        android:name="android.hardware.camera.front"
30-->[:unityLibrary] AndroidManifest.xml:21:9-53
31        android:required="false" />
31-->[:unityLibrary] AndroidManifest.xml:22:9-33
32    <uses-feature
32-->[:unityLibrary] AndroidManifest.xml:23:5-25:36
33        android:name="android.hardware.touchscreen"
33-->[:unityLibrary] AndroidManifest.xml:24:9-52
34        android:required="false" />
34-->[:unityLibrary] AndroidManifest.xml:25:9-33
35    <uses-feature
35-->[:unityLibrary] AndroidManifest.xml:26:5-28:36
36        android:name="android.hardware.touchscreen.multitouch"
36-->[:unityLibrary] AndroidManifest.xml:27:9-63
37        android:required="false" />
37-->[:unityLibrary] AndroidManifest.xml:28:9-33
38    <uses-feature
38-->[:unityLibrary] AndroidManifest.xml:29:5-31:36
39        android:name="android.hardware.touchscreen.multitouch.distinct"
39-->[:unityLibrary] AndroidManifest.xml:30:9-72
40        android:required="false" />
40-->[:unityLibrary] AndroidManifest.xml:31:9-33
41    <uses-feature
41-->[:unityLibrary] AndroidManifest.xml:32:5-34:35
42        android:name="android.hardware.camera.ar"
42-->[:unityLibrary] AndroidManifest.xml:33:9-50
43        android:required="true" />
43-->[:unityLibrary] AndroidManifest.xml:34:9-32
44    <uses-feature
44-->[:unityLibrary] AndroidManifest.xml:35:5-37:35
45        android:name="com.google.ar.core.depth"
45-->[:unityLibrary] AndroidManifest.xml:36:9-48
46        android:required="true" />
46-->[:unityLibrary] AndroidManifest.xml:37:9-32
47
48    <queries>
48-->[:arcore_client:] AndroidManifest.xml:29:5-31:15
49        <package android:name="com.google.ar.core" />
49-->[:arcore_client:] AndroidManifest.xml:30:9-54
49-->[:arcore_client:] AndroidManifest.xml:30:18-51
50    </queries>
51    <!--
52        Required by Vuforia: Add this permission to access IMU sensors at high rate
53        for device tracker functionality on Android 12+.
54    -->
55    <uses-permission android:name="android.permission.HIGH_SAMPLING_RATE_SENSORS" /> <!-- Required by Vuforia: Add this permission to allow checking of network. -->
55-->[:VuforiaEngine:] AndroidManifest.xml:16:5-85
55-->[:VuforiaEngine:] AndroidManifest.xml:16:22-82
56    <uses-permission android:name="android.permission.ACCESS_NETWORK_STATE" />
56-->[:VuforiaEngine:] AndroidManifest.xml:19:5-79
56-->[:VuforiaEngine:] AndroidManifest.xml:19:22-76
57
58    <application
58-->src\main\AndroidManifest.xml:3:3-83
59        android:extractNativeLibs="true"
59-->[:unityLibrary] AndroidManifest.xml:39:18-50
60        android:icon="@mipmap/app_icon"
60-->src\main\AndroidManifest.xml:3:49-80
61        android:label="@string/app_name" >
61-->src\main\AndroidManifest.xml:3:16-48
62        <meta-data
62-->[:unityLibrary] AndroidManifest.xml:40:9-42:33
63            android:name="unity.splash-mode"
63-->[:unityLibrary] AndroidManifest.xml:41:13-45
64            android:value="0" />
64-->[:unityLibrary] AndroidManifest.xml:42:13-30
65        <meta-data
65-->[:unityLibrary] AndroidManifest.xml:43:9-45:36
66            android:name="unity.splash-enable"
66-->[:unityLibrary] AndroidManifest.xml:44:13-47
67            android:value="True" />
67-->[:unityLibrary] AndroidManifest.xml:45:13-33
68        <meta-data
68-->[:unityLibrary] AndroidManifest.xml:46:9-48:36
69            android:name="unity.launch-fullscreen"
69-->[:unityLibrary] AndroidManifest.xml:47:13-51
70            android:value="True" />
70-->[:unityLibrary] AndroidManifest.xml:48:13-33
71        <meta-data
71-->[:unityLibrary] AndroidManifest.xml:49:9-51:50
72            android:name="notch.config"
72-->[:unityLibrary] AndroidManifest.xml:50:13-40
73            android:value="portrait|landscape" />
73-->[:unityLibrary] AndroidManifest.xml:51:13-47
74        <meta-data
74-->[:unityLibrary] AndroidManifest.xml:52:9-54:36
75            android:name="unity.auto-report-fully-drawn"
75-->[:unityLibrary] AndroidManifest.xml:53:13-57
76            android:value="true" />
76-->[:unityLibrary] AndroidManifest.xml:54:13-33
77
78        <activity
78-->[:unityLibrary] AndroidManifest.xml:56:9-77:20
79            android:name="com.unity3d.player.UnityPlayerActivity"
79-->[:unityLibrary] AndroidManifest.xml:57:13-66
80            android:configChanges="mcc|mnc|locale|touchscreen|keyboard|keyboardHidden|navigation|orientation|screenLayout|uiMode|screenSize|smallestScreenSize|fontScale|layoutDirection|density"
80-->[:unityLibrary] AndroidManifest.xml:58:13-194
81            android:exported="true"
81-->[:unityLibrary] AndroidManifest.xml:59:13-36
82            android:hardwareAccelerated="false"
82-->[:unityLibrary] AndroidManifest.xml:60:13-48
83            android:launchMode="singleTask"
83-->[:unityLibrary] AndroidManifest.xml:61:13-44
84            android:resizeableActivity="false"
84-->[:unityLibrary] AndroidManifest.xml:62:13-47
85            android:screenOrientation="portrait"
85-->[:unityLibrary] AndroidManifest.xml:63:13-49
86            android:theme="@style/UnityThemeSelector" >
86-->[:unityLibrary] AndroidManifest.xml:64:13-54
87            <intent-filter>
87-->[:unityLibrary] AndroidManifest.xml:65:13-69:29
88                <category android:name="android.intent.category.LAUNCHER" />
88-->[:unityLibrary] AndroidManifest.xml:66:17-77
88-->[:unityLibrary] AndroidManifest.xml:66:27-74
89
90                <action android:name="android.intent.action.MAIN" />
90-->[:unityLibrary] AndroidManifest.xml:68:17-69
90-->[:unityLibrary] AndroidManifest.xml:68:25-66
91            </intent-filter>
92
93            <meta-data
93-->[:unityLibrary] AndroidManifest.xml:71:13-73:40
94                android:name="unityplayer.UnityActivity"
94-->[:unityLibrary] AndroidManifest.xml:72:17-57
95                android:value="true" />
95-->[:unityLibrary] AndroidManifest.xml:73:17-37
96            <meta-data
96-->[:unityLibrary] AndroidManifest.xml:74:13-76:40
97                android:name="notch_support"
97-->[:unityLibrary] AndroidManifest.xml:75:17-45
98                android:value="true" />
98-->[:unityLibrary] AndroidManifest.xml:76:17-37
99        </activity>
100
101        <meta-data
101-->[:unityLibrary] AndroidManifest.xml:79:9-81:36
102            android:name="unityplayer.SkipPermissionsDialog"
102-->[:unityLibrary] AndroidManifest.xml:80:13-61
103            android:value="true" />
103-->[:unityLibrary] AndroidManifest.xml:81:13-33
104        <meta-data
104-->[:unityLibrary] AndroidManifest.xml:82:9-84:40
105            android:name="com.google.ar.core"
105-->[:unityLibrary] AndroidManifest.xml:83:13-46
106            android:value="required" /> <!-- The minimal version code of ARCore APK required for an app using this SDK. -->
106-->[:unityLibrary] AndroidManifest.xml:84:13-37
107        <meta-data
107-->[:arcore_client:] AndroidManifest.xml:36:9-38:41
108            android:name="com.google.ar.core.min_apk_version"
108-->[:arcore_client:] AndroidManifest.xml:37:13-62
109            android:value="220920000" /> <!-- This activity is critical for installing ARCore when it is not already present. -->
109-->[:arcore_client:] AndroidManifest.xml:38:13-38
110        <activity
110-->[:arcore_client:] AndroidManifest.xml:40:9-46:80
111            android:name="com.google.ar.core.InstallActivity"
111-->[:arcore_client:] AndroidManifest.xml:41:13-62
112            android:configChanges="keyboardHidden|orientation|screenSize"
112-->[:arcore_client:] AndroidManifest.xml:42:13-74
113            android:excludeFromRecents="true"
113-->[:arcore_client:] AndroidManifest.xml:43:13-46
114            android:exported="false"
114-->[:arcore_client:] AndroidManifest.xml:44:13-37
115            android:launchMode="singleTop"
115-->[:arcore_client:] AndroidManifest.xml:45:13-43
116            android:theme="@android:style/Theme.Material.Light.Dialog.Alert" />
116-->[:arcore_client:] AndroidManifest.xml:46:13-77
117
118        <provider
118-->[:VuforiaEngine:] AndroidManifest.xml:25:9-33:20
119            android:name="com.vuforia.engine.app.VuforiaContentProvider"
119-->[:VuforiaEngine:] AndroidManifest.xml:26:13-73
120            android:authorities="com.DefaultCompany.Myproject4.vuforia.share"
120-->[:VuforiaEngine:] AndroidManifest.xml:27:13-65
121            android:exported="false"
121-->[:VuforiaEngine:] AndroidManifest.xml:28:13-37
122            android:grantUriPermissions="true" >
122-->[:VuforiaEngine:] AndroidManifest.xml:29:13-47
123            <meta-data
123-->[:VuforiaEngine:] AndroidManifest.xml:30:13-32:53
124                android:name="android.support.FILE_PROVIDER_PATHS"
124-->[:VuforiaEngine:] AndroidManifest.xml:31:17-67
125                android:resource="@xml/filepaths" />
125-->[:VuforiaEngine:] AndroidManifest.xml:32:17-50
126        </provider>
127    </application>
128
129</manifest>